::1 - - [23/Apr/2019:00:32:01 +0000] "POST /user/login HTTP/1.1" 200 277 "http://localhost:4200/companylist" "Mozilla/5.0 (Macintosh; Intel Mac OS X 10_14_1) AppleWebKit/537.36 (KHTML, like Gecko) Chrome/73.0.3683.103 Safari/537.36"
::1 - - [23/Apr/2019:00:36:23 +0000] "POST /protected/companies HTTP/1.1" 401 25 "-" "Mozilla/5.0 (Macintosh; Intel Mac OS X 10_14_1) AppleWebKit/537.36 (KHTML, like Gecko) Chrome/73.0.3683.103 Safari/537.36"
::1 - - [23/Apr/2019:00:36:27 +0000] "POST /user/login HTTP/1.1" 200 277 "-" "Mozilla/5.0 (Macintosh; Intel Mac OS X 10_14_1) AppleWebKit/537.36 (KHTML, like Gecko) Chrome/73.0.3683.103 Safari/537.36"
::1 - - [23/Apr/2019:00:37:45 +0000] "POST /protected/company HTTP/1.1" 201 1128 "-" "Mozilla/5.0 (Macintosh; Intel Mac OS X 10_14_1) AppleWebKit/537.36 (KHTML, like Gecko) Chrome/73.0.3683.103 Safari/537.36"
::1 - - [23/Apr/2019:00:40:14 +0000] "POST /protected/company HTTP/1.1" 201 227 "-" "Mozilla/5.0 (Macintosh; Intel Mac OS X 10_14_1) AppleWebKit/537.36 (KHTML, like Gecko) Chrome/73.0.3683.103 Safari/537.36"
::1 - - [23/Apr/2019:00:41:03 +0000] "POST /user/login HTTP/1.1" 200 277 "http://localhost:4200/companylist" "Mozilla/5.0 (Macintosh; Intel Mac OS X 10_14_1) AppleWebKit/537.36 (KHTML, like Gecko) Chrome/73.0.3683.103 Safari/537.36"
::1 - - [23/Apr/2019:00:42:36 +0000] "POST /protected/company HTTP/1.1" 201 2 "http://localhost:4200/companylist" "Mozilla/5.0 (Macintosh; Intel Mac OS X 10_14_1) AppleWebKit/537.36 (KHTML, like Gecko) Chrome/73.0.3683.103 Safari/537.36"
::1 - - [23/Apr/2019:00:42:49 +0000] "POST /protected/company HTTP/1.1" 201 2 "http://localhost:4200/companylist" "Mozilla/5.0 (Macintosh; Intel Mac OS X 10_14_1) AppleWebKit/537.36 (KHTML, like Gecko) Chrome/73.0.3683.103 Safari/537.36"
::1 - - [23/Apr/2019:00:45:02 +0000] "POST /protected/company HTTP/1.1" 201 227 "http://localhost:4200/companylist" "Mozilla/5.0 (Macintosh; Intel Mac OS X 10_14_1) AppleWebKit/537.36 (KHTML, like Gecko) Chrome/73.0.3683.103 Safari/537.36"
::1 - - [23/Apr/2019:00:45:25 +0000] "POST /protected/company HTTP/1.1" 201 227 "http://localhost:4200/companylist" "Mozilla/5.0 (Macintosh; Intel Mac OS X 10_14_1) AppleWebKit/537.36 (KHTML, like Gecko) Chrome/73.0.3683.103 Safari/537.36"
::1 - - [23/Apr/2019:00:46:20 +0000] "POST /protected/company HTTP/1.1" 201 2 "http://localhost:4200/companylist" "Mozilla/5.0 (Macintosh; Intel Mac OS X 10_14_1) AppleWebKit/537.36 (KHTML, like Gecko) Chrome/73.0.3683.103 Safari/537.36"
::1 - - [23/Apr/2019:00:46:29 +0000] "POST /protected/company HTTP/1.1" 201 231 "http://localhost:4200/companylist" "Mozilla/5.0 (Macintosh; Intel Mac OS X 10_14_1) AppleWebKit/537.36 (KHTML, like Gecko) Chrome/73.0.3683.103 Safari/537.36"
::1 - - [23/Apr/2019:00:46:59 +0000] "POST /protected/company HTTP/1.1" 201 2 "http://localhost:4200/companylist" "Mozilla/5.0 (Macintosh; Intel Mac OS X 10_14_1) AppleWebKit/537.36 (KHTML, like Gecko) Chrome/73.0.3683.103 Safari/537.36"
::1 - - [23/Apr/2019:00:47:15 +0000] "POST /protected/company HTTP/1.1" 201 227 "http://localhost:4200/companylist" "Mozilla/5.0 (Macintosh; Intel Mac OS X 10_14_1) AppleWebKit/537.36 (KHTML, like Gecko) Chrome/73.0.3683.103 Safari/537.36"
::1 - - [23/Apr/2019:00:48:00 +0000] "POST /protected/company HTTP/1.1" 201 2 "http://localhost:4200/companylist" "Mozilla/5.0 (Macintosh; Intel Mac OS X 10_14_1) AppleWebKit/537.36 (KHTML, like Gecko) Chrome/73.0.3683.103 Safari/537.36"
::1 - - [23/Apr/2019:00:48:13 +0000] "POST /protected/company HTTP/1.1" 201 227 "http://localhost:4200/companylist" "Mozilla/5.0 (Macintosh; Intel Mac OS X 10_14_1) AppleWebKit/537.36 (KHTML, like Gecko) Chrome/73.0.3683.103 Safari/537.36"
::1 - - [23/Apr/2019:00:50:39 +0000] "POST /protected/company HTTP/1.1" 201 2 "http://localhost:4200/companylist" "Mozilla/5.0 (Macintosh; Intel Mac OS X 10_14_1) AppleWebKit/537.36 (KHTML, like Gecko) Chrome/73.0.3683.103 Safari/537.36"
::1 - - [23/Apr/2019:00:50:49 +0000] "POST /protected/company HTTP/1.1" 201 231 "http://localhost:4200/companylist" "Mozilla/5.0 (Macintosh; Intel Mac OS X 10_14_1) AppleWebKit/537.36 (KHTML, like Gecko) Chrome/73.0.3683.103 Safari/537.36"
::1 - - [23/Apr/2019:00:58:15 +0000] "POST /protected/company HTTP/1.1" 201 2 "http://localhost:4200/companylist" "Mozilla/5.0 (Macintosh; Intel Mac OS X 10_14_1) AppleWebKit/537.36 (KHTML, like Gecko) Chrome/73.0.3683.103 Safari/537.36"
::1 - - [23/Apr/2019:00:58:25 +0000] "POST /protected/company HTTP/1.1" 201 231 "http://localhost:4200/companylist" "Mozilla/5.0 (Macintosh; Intel Mac OS X 10_14_1) AppleWebKit/537.36 (KHTML, like Gecko) Chrome/73.0.3683.103 Safari/537.36"
::1 - - [23/Apr/2019:00:59:03 +0000] "POST /protected/company HTTP/1.1" 201 2 "http://localhost:4200/companylist" "Mozilla/5.0 (Macintosh; Intel Mac OS X 10_14_1) AppleWebKit/537.36 (KHTML, like Gecko) Chrome/73.0.3683.103 Safari/537.36"
::1 - - [23/Apr/2019:00:59:25 +0000] "POST /protected/company HTTP/1.1" 201 227 "http://localhost:4200/companylist" "Mozilla/5.0 (Macintosh; Intel Mac OS X 10_14_1) AppleWebKit/537.36 (KHTML, like Gecko) Chrome/73.0.3683.103 Safari/537.36"
::1 - - [23/Apr/2019:00:59:55 +0000] "POST /protected/company HTTP/1.1" 201 227 "http://localhost:4200/companylist" "Mozilla/5.0 (Macintosh; Intel Mac OS X 10_14_1) AppleWebKit/537.36 (KHTML, like Gecko) Chrome/73.0.3683.103 Safari/537.36"
::1 - - [23/Apr/2019:01:03:48 +0000] "POST /protected/company HTTP/1.1" 201 227 "http://localhost:4200/companylist" "Mozilla/5.0 (Macintosh; Intel Mac OS X 10_14_1) AppleWebKit/537.36 (KHTML, like Gecko) Chrome/73.0.3683.103 Safari/537.36"
::1 - - [23/Apr/2019:01:18:06 +0000] "POST /protected/company HTTP/1.1" 201 2 "http://localhost:4200/companylist" "Mozilla/5.0 (Macintosh; Intel Mac OS X 10_14_1) AppleWebKit/537.36 (KHTML, like Gecko) Chrome/73.0.3683.103 Safari/537.36"
::1 - - [23/Apr/2019:01:18:22 +0000] "POST /protected/company HTTP/1.1" 201 227 "http://localhost:4200/companylist" "Mozilla/5.0 (Macintosh; Intel Mac OS X 10_14_1) AppleWebKit/537.36 (KHTML, like Gecko) Chrome/73.0.3683.103 Safari/537.36"
::1 - - [23/Apr/2019:01:28:08 +0000] "POST /protected/company HTTP/1.1" 201 2 "http://localhost:4200/companylist" "Mozilla/5.0 (Macintosh; Intel Mac OS X 10_14_1) AppleWebKit/537.36 (KHTML, like Gecko) Chrome/73.0.3683.103 Safari/537.36"
::1 - - [23/Apr/2019:01:36:02 +0000] "POST /protected/company HTTP/1.1" 201 227 "http://localhost:4200/companylist" "Mozilla/5.0 (Macintosh; Intel Mac OS X 10_14_1) AppleWebKit/537.36 (KHTML, like Gecko) Chrome/73.0.3683.103 Safari/537.36"
::1 - - [23/Apr/2019:01:36:40 +0000] "POST /protected/company HTTP/1.1" 201 227 "http://localhost:4200/companylist" "Mozilla/5.0 (Macintosh; Intel Mac OS X 10_14_1) AppleWebKit/537.36 (KHTML, like Gecko) Chrome/73.0.3683.103 Safari/537.36"
::1 - - [23/Apr/2019:01:37:02 +0000] "POST /protected/company HTTP/1.1" 201 227 "http://localhost:4200/companylist" "Mozilla/5.0 (Macintosh; Intel Mac OS X 10_14_1) AppleWebKit/537.36 (KHTML, like Gecko) Chrome/73.0.3683.103 Safari/537.36"
::1 - - [23/Apr/2019:01:39:34 +0000] "POST /protected/company HTTP/1.1" 201 227 "http://localhost:4200/companylist" "Mozilla/5.0 (Macintosh; Intel Mac OS X 10_14_1) AppleWebKit/537.36 (KHTML, like Gecko) Chrome/73.0.3683.103 Safari/537.36"
